<?xml version="1.0" encoding="UTF-8"?>
<testsuite name="com.bl.exceptions.UserValidationTest" tests="1" skipped="0" failures="0" errors="0" timestamp="2022-08-22T01:53:11" hostname="LAPTOP-PG23OKAD" time="0.018">
  <properties/>
  <testcase name="validPwd()" classname="com.bl.exceptions.UserValidationTest" time="0.018"/>
  <system-out><![CDATA[]]></system-out>
  <system-err><![CDATA[]]></system-err>
</testsuite>
